[debug] [2023-01-29T14:26:41.130Z] ----------------------------------------------------------------------
[debug] [2023-01-29T14:26:41.135Z] Command:       C:\Program Files\nodejs\node.exe C:\Users\Comtel\AppData\Roaming\npm\node_modules\firebase-tools\lib\bin\firebase.js init
[debug] [2023-01-29T14:26:41.136Z] CLI Version:   11.21.0
[debug] [2023-01-29T14:26:41.136Z] Platform:      win32
[debug] [2023-01-29T14:26:41.136Z] Node Version:  v16.17.0
[debug] [2023-01-29T14:26:41.138Z] Time:          Sun Jan 29 2023 15:26:41 GMT+0100 (Central European Standard Time)
[debug] [2023-01-29T14:26:41.139Z] ----------------------------------------------------------------------
[debug] 
[debug] [2023-01-29T14:26:41.156Z] > command requires scopes: ["email","openid","https://www.googleapis.com/auth/cloudplatformprojects.readonly","https://www.googleapis.com/auth/firebase","https://www.googleapis.com/auth/cloud-platform"]
[debug] [2023-01-29T14:26:41.157Z] > authorizing via signed-in user (erblinshabanii9@gmail.com)
[info] 
     ######## #### ########  ######## ########     ###     ######  ########
     ##        ##  ##     ## ##       ##     ##  ##   ##  ##       ##
     ######    ##  ########  ######   ########  #########  ######  ######
     ##        ##  ##    ##  ##       ##     ## ##     ##       ## ##
     ##       #### ##     ## ######## ########  ##     ##  ######  ########

You're about to initialize a Firebase project in this directory:

  C:\Users\Comtel\Desktop\11\episode-4

[info] 
=== Project Setup
[info] 
[info] First, let's associate this project directory with a Firebase project.
[info] You can create multiple project aliases by running firebase use --add, 
[info] but for now we'll just set up a default project.
[info] 
[debug] [2023-01-29T14:28:52.841Z] >>> [apiv2][query] GET https://firebase.googleapis.com/v1beta1/projects pageSize=100
[debug] [2023-01-29T14:28:54.995Z] <<< [apiv2][status] GET https://firebase.googleapis.com/v1beta1/projects 200
[debug] [2023-01-29T14:28:54.995Z] <<< [apiv2][body] GET https://firebase.googleapis.com/v1beta1/projects [omitted]
[info] i  Using project project-a777c (Project) 
[info] 
=== Hosting Setup
[info] 
[info] Your public directory is the folder (relative to your project directory) that
[info] will contain Hosting assets to be uploaded with firebase deploy. If you
[info] have a build process for your assets, use your build's output directory.
[info] 
[info] +  Wrote public/404.html 
[debug] [2023-01-29T14:30:43.838Z] >>> [apiv2][query] GET https://www.gstatic.com/firebasejs/releases.json [none]
[debug] [2023-01-29T14:30:44.191Z] <<< [apiv2][status] GET https://www.gstatic.com/firebasejs/releases.json 200
[debug] [2023-01-29T14:30:44.191Z] <<< [apiv2][body] GET https://www.gstatic.com/firebasejs/releases.json {"current":{"version":"9.16.0","browserURL":"https://www.gstatic.com/firebasejs/9.16.0/firebase.js","packageURL":"https://www.gstatic.com/firebasejs/9.16.0/firebase.tgz"},"live":{"version":"9.16","browserURL":"https://www.gstatic.com/firebasejs/live/9.16/firebase.js","packageURL":"https://www.gstatic.com/firebasejs/live/9.16/firebase.tgz"},"components":{"analytics":"https://www.gstatic.com/firebasejs/9.16.0/firebase-analytics.js","app":"https://www.gstatic.com/firebasejs/9.16.0/firebase-app.js","app-check":"https://www.gstatic.com/firebasejs/9.16.0/firebase-app-check.js","auth":"https://www.gstatic.com/firebasejs/9.16.0/firebase-auth.js","auth/cordova":"https://www.gstatic.com/firebasejs/9.16.0/firebase-auth/cordova.js","auth/react-native":"https://www.gstatic.com/firebasejs/9.16.0/firebase-auth/react-native.js","functions":"https://www.gstatic.com/firebasejs/9.16.0/firebase-functions.js","firestore":"https://www.gstatic.com/firebasejs/9.16.0/firebase-firestore.js","firestore/lite":"https://www.gstatic.com/firebasejs/9.16.0/firebase-firestore/lite.js","installations":"https://www.gstatic.com/firebasejs/9.16.0/firebase-installations.js","storage":"https://www.gstatic.com/firebasejs/9.16.0/firebase-storage.js","performance":"https://www.gstatic.com/firebasejs/9.16.0/firebase-performance.js","remote-config":"https://www.gstatic.com/firebasejs/9.16.0/firebase-remote-config.js","messaging":"https://www.gstatic.com/firebasejs/9.16.0/firebase-messaging.js","messaging/sw":"https://www.gstatic.com/firebasejs/9.16.0/firebase-messaging/sw.js","database":"https://www.gstatic.com/firebasejs/9.16.0/firebase-database.js","firestore.memory":"https://www.gstatic.com/firebasejs/9.16.0/firebase-firestore.memory.js"}}
[info] i  Skipping write of public/index.html 
[info] 
[info] i  Didn't detect a .git folder. Assuming C:\Users\Comtel\Desktop\11\episode-4 is the project root. 
[info] i  Authorizing with GitHub to upload your service account to a GitHub repository's secrets store. 
[info] 
[info] Visit this URL on this device to log in:
[info] https://github.com/login/oauth/authorize?client_id=89cf50f02ac6aaed3484&state=270277222&redirect_uri=http%3A%2F%2Flocalhost%3A9005&scope=read%3Auser%20repo%20public_repo
[info] 
[info] Waiting for authentication...
[debug] [2023-01-29T14:31:49.715Z] >>> [apiv2][query] POST https://github.com/login/oauth/access_token [none]
[debug] [2023-01-29T14:31:49.716Z] >>> [apiv2][body] POST https://github.com/login/oauth/access_token [stream]
[debug] [2023-01-29T14:31:52.384Z] <<< [apiv2][status] POST https://github.com/login/oauth/access_token 200
[debug] [2023-01-29T14:31:52.385Z] <<< [apiv2][body] POST https://github.com/login/oauth/access_token {"access_token":"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","token_type":"bearer","scope":"read:user,repo"}
[debug] [2023-01-29T14:31:52.421Z] >>> [apiv2][query] GET https://api.github.com/user [none]
[debug] [2023-01-29T14:31:53.966Z] <<< [apiv2][status] GET https://api.github.com/user 200
[debug] [2023-01-29T14:31:53.966Z] <<< [apiv2][body] GET https://api.github.com/user {"login":"erblinshabani","id":120676998,"node_id":"U_kgDOBzFihg","avatar_url":"https://avatars.githubusercontent.com/u/120676998?v=4","gravatar_id":"","url":"https://api.github.com/users/erblinshabani","html_url":"https://github.com/erblinshabani","followers_url":"https://api.github.com/users/erblinshabani/followers","following_url":"https://api.github.com/users/erblinshabani/following{/other_user}","gists_url":"https://api.github.com/users/erblinshabani/gists{/gist_id}","starred_url":"https://api.github.com/users/erblinshabani/starred{/owner}{/repo}","subscriptions_url":"https://api.github.com/users/erblinshabani/subscriptions","organizations_url":"https://api.github.com/users/erblinshabani/orgs","repos_url":"https://api.github.com/users/erblinshabani/repos","events_url":"https://api.github.com/users/erblinshabani/events{/privacy}","received_events_url":"https://api.github.com/users/erblinshabani/received_events","type":"User","site_admin":false,"name":null,"company":null,"blog":"","location":null,"email":null,"hireable":null,"bio":null,"twitter_username":null,"public_repos":5,"public_gists":0,"followers":1,"following":1,"created_at":"2022-12-15T18:30:23Z","updated_at":"2023-01-15T12:16:48Z","private_gists":0,"total_private_repos":0,"owned_private_repos":0,"disk_usage":13816,"collaborators":0,"two_factor_authentication":false,"plan":{"name":"free","space":976562499,"collaborators":0,"private_repos":10000}}
[info] 
[info] +  Success! Logged into GitHub as erblinshabani 
[info] 
